TN:
SF:src\scripts\commands\input-handler.ts
FN:7,validateDirection
FN:13,validateRobotExists
FN:23,process
FNF:3
FNH:3
FNDA:8,validateDirection
FNDA:11,validateRobotExists
FNDA:12,process
DA:1,1
DA:2,1
DA:3,1
DA:4,1
DA:5,1
DA:6,1
DA:7,1
DA:8,8
DA:9,2
DA:10,2
DA:11,8
DA:12,1
DA:13,1
DA:14,11
DA:15,5
DA:16,5
DA:17,6
DA:18,6
DA:19,6
DA:20,6
DA:21,1
DA:22,1
DA:23,1
DA:24,12
DA:25,12
DA:26,12
DA:27,12
DA:28,12
DA:29,12
DA:30,12
DA:31,12
DA:32,12
DA:33,12
DA:34,12
DA:35,3
DA:36,3
DA:37,3
DA:38,3
DA:39,3
DA:40,3
DA:41,1
DA:42,1
DA:43,2
DA:44,3
DA:45,1
DA:46,1
DA:47,3
DA:48,12
DA:49,2
DA:50,2
DA:51,2
DA:52,2
DA:53,1
DA:54,1
DA:55,2
DA:56,12
DA:57,12
DA:58,2
DA:59,2
DA:60,2
DA:61,2
DA:62,2
DA:63,2
DA:64,2
DA:65,12
DA:66,2
DA:67,2
DA:68,2
DA:69,2
DA:70,2
DA:71,2
DA:72,2
DA:73,1
DA:74,1
DA:75,2
DA:76,12
DA:77,3
DA:78,3
DA:79,3
DA:80,3
DA:81,3
DA:82,3
DA:83,3
DA:84,1
DA:85,1
DA:86,1
DA:87,1
DA:88,1
DA:89,12
DA:90,12
DA:91,1
LF:91
LH:91
BRDA:7,0,0,8
BRDA:8,1,0,2
BRDA:13,2,0,11
BRDA:14,3,0,5
BRDA:17,4,0,6
BRDA:23,5,0,12
BRDA:28,6,0,0
BRDA:30,7,0,2
BRDA:31,8,0,10
BRDA:34,9,0,3
BRDA:40,10,0,1
BRDA:43,11,0,2
BRDA:44,12,0,1
BRDA:48,13,0,2
BRDA:52,14,0,1
BRDA:56,15,0,1
BRDA:57,16,0,2
BRDA:65,17,0,2
BRDA:72,18,0,1
BRDA:76,19,0,3
BRDA:83,20,0,1
BRF:21
BRH:20
end_of_record
TN:
SF:src\scripts\commands\report.ts
FN:4,apply
FNF:1
FNH:1
FNDA:1,apply
DA:1,1
DA:2,1
DA:3,1
DA:4,1
DA:5,1
DA:6,1
DA:7,1
DA:8,1
DA:9,1
DA:10,1
DA:11,1
DA:12,1
DA:13,1
DA:14,1
DA:15,1
LF:15
LH:15
BRDA:4,0,0,1
BRF:1
BRH:1
end_of_record
TN:
SF:src\scripts\objects\grid.ts
FN:7,Grid
FN:9,validatePosition
FN:20,render
FNF:3
FNH:1
FNDA:0,Grid
FNDA:3,validatePosition
FNDA:0,render
DA:1,1
DA:2,1
DA:3,1
DA:4,1
DA:5,1
DA:6,1
DA:7,1
DA:8,1
DA:9,1
DA:10,3
DA:11,3
DA:12,3
DA:13,3
DA:14,3
DA:15,3
DA:16,0
DA:17,0
DA:18,3
DA:19,1
DA:20,1
DA:21,0
DA:22,0
DA:23,0
DA:24,0
DA:25,0
DA:26,0
DA:27,0
DA:28,0
DA:29,0
DA:30,0
DA:31,0
DA:32,0
DA:33,0
DA:34,0
DA:35,0
DA:36,0
DA:37,0
DA:38,0
DA:39,0
DA:40,0
DA:41,0
DA:42,0
DA:43,1
LF:43
LH:19
BRDA:9,0,0,3
BRDA:15,1,0,0
BRF:2
BRH:1
end_of_record
TN:
SF:src\scripts\objects\robot.ts
FN:7,Robot
FN:11,getState
FN:15,setState
FN:19,place
FN:40,move
FN:77,rotate
FNF:6
FNH:5
FNDA:7,Robot
FNDA:4,getState
FNDA:3,setState
FNDA:2,place
FNDA:1,move
FNDA:0,rotate
DA:1,1
DA:2,1
DA:3,1
DA:4,1
DA:5,1
DA:6,1
DA:7,1
DA:8,7
DA:9,7
DA:10,1
DA:11,1
DA:12,4
DA:13,4
DA:14,1
DA:15,1
DA:16,3
DA:17,3
DA:18,1
DA:19,1
DA:20,2
DA:21,2
DA:22,2
DA:23,2
DA:24,2
DA:25,2
DA:26,2
DA:27,2
DA:28,2
DA:29,2
DA:30,2
DA:31,2
DA:32,2
DA:33,2
DA:34,2
DA:35,2
DA:36,0
DA:37,0
DA:38,2
DA:39,1
DA:40,1
DA:41,1
DA:42,1
DA:43,1
DA:44,1
DA:45,1
DA:46,1
DA:47,1
DA:48,1
DA:49,1
DA:50,0
DA:51,0
DA:52,1
DA:53,0
DA:54,0
DA:55,1
DA:56,0
DA:57,0
DA:58,1
DA:59,1
DA:60,1
DA:61,1
DA:62,1
DA:63,1
DA:64,1
DA:65,1
DA:66,1
DA:67,1
DA:68,1
DA:69,0
DA:70,0
DA:71,0
DA:72,0
DA:73,0
DA:74,0
DA:75,1
DA:76,1
DA:77,1
DA:78,0
DA:79,0
DA:80,0
DA:81,0
DA:82,0
DA:83,0
DA:84,0
DA:85,0
DA:86,0
DA:87,0
DA:88,0
DA:89,0
DA:90,0
DA:91,0
DA:92,0
DA:93,0
DA:94,0
DA:95,0
DA:96,0
DA:97,0
DA:98,1
LF:98
LH:64
BRDA:7,0,0,7
BRDA:11,1,0,4
BRDA:15,2,0,3
BRDA:19,3,0,2
BRDA:35,4,0,0
BRDA:40,5,0,1
BRDA:49,6,0,0
BRDA:52,7,0,0
BRDA:55,8,0,0
BRDA:64,9,0,0
BRDA:68,10,0,0
BRF:11
BRH:5
end_of_record
TN:
SF:src\scripts\objects\toy.ts
FN:10,Toy
FN:17,move
FN:20,rotate
FN:23,place
FNF:4
FNH:1
FNDA:7,Toy
FNDA:0,move
FNDA:0,rotate
FNDA:0,place
DA:1,1
DA:2,1
DA:3,1
DA:4,1
DA:5,1
DA:6,1
DA:7,1
DA:8,1
DA:9,1
DA:10,1
DA:11,7
DA:12,7
DA:13,7
DA:14,7
DA:15,7
DA:16,7
DA:17,1
DA:18,0
DA:19,0
DA:20,1
DA:21,0
DA:22,0
DA:23,1
DA:24,0
DA:25,0
DA:26,1
LF:26
LH:20
BRDA:10,0,0,7
BRF:1
BRH:1
end_of_record
TN:
SF:src\scripts\utils\helpers.ts
FNF:0
FNH:0
DA:1,1
DA:2,1
DA:3,1
LF:3
LH:3
BRF:0
BRH:0
end_of_record
